(---------------------------------------------------------------------)
(                                                                     )
(    NC DRILL Log                                                     )
(                                                                     )
(    Drawing          : 08_037760f.brd                                )
(    Software Version : 17.2S033                                      )
(    Date/Time        : Wed Oct 17 19:37:18 2018                      )
(                                                                     )
(---------------------------------------------------------------------)



 Processing NC Parameters file 'nc_param.txt' ...

 NC PARAMETERS
 -------------

 FORMAT   		2.4
 MACHINE-OFFSET		x:0.00000	y:0.00000   (inch)
 FEEDRATE		1
 COORDINATES		ABSOLUTE
 OUTPUT-UNITS		ENGLISH
 TOOL-ORDER		INCREASING
 REPEAT-CODES		YES
 SUPPRESS-LEAD-ZEROES	NO
 SUPPRESS-TRAIL-ZEROES	YES
 SUPPRESS-EQUAL		NO
 TOOL-SELECT		YES
 HEADER			08_037760f
 LEADER			12
 CODE			ASCII
 SEPARATE		NO
 SEPARATE-ROUTING	NO
 OPTIMIZE_DRILLING	NO
 ENHANCED_EXCELLON	YES
 SCALE			1.000000

 WARNING(SPMHMF-360): Design precision is greater than that of the drill output file data.
 WARNING(SPMHMF-361): Data rounding errors are very possible.
 WARNING(SPMHMF-365): This design contains 4 slot holes that can NOT be drilled.
 WARNING(SPMHMF-366): They can be processed by NC routing instead.
 WARNING(SPMHMF-368): Cannot find NC Drill tool file 'nc_tools.txt'
 WARNING(SPMHMF-369): ... will auto-generate tool file 'nc_tools_auto.txt'.


     Auto-generating tool file 'nc_tools_auto.txt' ...

           Size  Plating  Tool        + Tolerance  - Tolerance

          10.00  P        T01            0.000000     0.000000
          40.00  P        T02            0.000000     0.000000
          35.44  N        T03            0.000000     0.000000
         125.00  N        T04            2.000000     2.000000


 Drill files being output to directory 'C:/tmp/20_037760f/worklib/02_037760f_top/physical' ...



     'ncdrill-1-4.drl' created for holes connecting TOP and BOTTOM
     -------------------------------------------------------------

     Tool  Num     Size      +/- Tolerance     Plating   Quantity

     T01    1.  10.0000    0.0000/  0.0000      PLATED        461
     T02    2.  40.0000    0.0000/  0.0000      PLATED         14
     T03    3.  35.4400    0.0000/  0.0000  NON_PLATED          2
     T04    4. 125.0000    2.0000/  2.0000  NON_PLATED          4

     ---- Total holes:                                        481

     ---- Total head travel:              25.27 feet (7.70 meters)

